This is pdfTeX, Version 3.14159265-2.6-1.40.21 (TeX Live 2020) (preloaded format=pdflatex 2020.8.23)  16 DEC 2020 14:16
entering extended mode
 restricted \write18 enabled.
 %&-line parsing enabled.
**Rguide.tex
(./Rguide.tex
LaTeX2e <2020-02-02> patch level 5
L3 programming layer <2020-03-06> (./reedthesis.cls
Document Class: reedthesis 2004/01/27 The Reed College Thesis Class
(/usr/local/texlive/2020/texmf-dist/tex/latex/base/book.cls
Document Class: book 2019/12/20 v1.4l Standard LaTeX document class
(/usr/local/texlive/2020/texmf-dist/tex/latex/base/bk12.clo
File: bk12.clo 2019/12/20 v1.4l Standard LaTeX file (size option)
)
\c@part=\count167
\c@chapter=\count168
\c@section=\count169
\c@subsection=\count170
\c@subsubsection=\count171
\c@paragraph=\count172
\c@subparagraph=\count173
\c@figure=\count174
\c@table=\count175
\abovecaptionskip=\skip47
\belowcaptionskip=\skip48
\bibindent=\dimen134
) (/usr/local/texlive/2020/texmf-dist/tex/latex/fancyhdr/fancyhdr.sty
Package: fancyhdr 2019/01/31 v3.10 Extensive control of page headers and footer
s
\f@nch@headwidth=\skip49
\f@nch@O@elh=\skip50
\f@nch@O@erh=\skip51
\f@nch@O@olh=\skip52
\f@nch@O@orh=\skip53
\f@nch@O@elf=\skip54
\f@nch@O@erf=\skip55
\f@nch@O@olf=\skip56
\f@nch@O@orf=\skip57
) (/usr/local/texlive/2020/texmf-dist/tex/latex/fancyvrb/fancyvrb.sty
Package: fancyvrb 2020/01/13 v3.5 verbatim text (tvz,hv)
(/usr/local/texlive/2020/texmf-dist/tex/latex/graphics/keyval.sty
Package: keyval 2014/10/28 v1.15 key=value parser (DPC)
\KV@toks@=\toks15
)
\FV@CodeLineNo=\count176
\FV@InFile=\read2
\FV@TabBox=\box45
\c@FancyVerbLine=\count177
\FV@StepNumber=\count178
\FV@OutFile=\write3
) (/usr/local/texlive/2020/texmf-dist/tex/generic/iftex/ifxetex.sty
Package: ifxetex 2019/10/25 v0.7 ifxetex legacy package. Use iftex instead.
(/usr/local/texlive/2020/texmf-dist/tex/generic/iftex/iftex.sty
Package: iftex 2020/03/06 v1.0d TeX engine tests
)) (/usr/local/texlive/2020/texmf-dist/tex/generic/iftex/ifluatex.sty
Package: ifluatex 2019/10/25 v1.5 ifluatex legacy package. Use iftex instead.
) (/usr/local/texlive/2020/texmf-dist/tex/latex/base/fixltx2e.sty
Package: fixltx2e 2016/12/29 v2.1a fixes to LaTeX (obsolete)
Applying: [2015/01/01] Old fixltx2e package on input line 46.

Package fixltx2e Warning: fixltx2e is not required with releases after 2015
(fixltx2e)                All fixes are now in the LaTeX kernel.
(fixltx2e)                See the latexrelease package for details.

Already applied: [0000/00/00] Old fixltx2e package on input line 53.
) (/usr/local/texlive/2020/texmf-dist/tex/latex/base/fontenc.sty
Package: fontenc 2020/02/11 v2.0o Standard LaTeX package
) (/usr/local/texlive/2020/texmf-dist/tex/latex/base/inputenc.sty
Package: inputenc 2018/08/11 v1.3c Input encoding file
\inpenc@prehook=\toks16
\inpenc@posthook=\toks17
) (/usr/local/texlive/2020/texmf-dist/tex/latex/upquote/upquote.sty
Package: upquote 2012/04/19 v1.3 upright-quote and grave-accent glyphs in verba
tim
(/usr/local/texlive/2020/texmf-dist/tex/latex/base/textcomp.sty
Package: textcomp 2020/02/02 v2.0n Standard LaTeX package
)) (/usr/local/texlive/2020/texmf-dist/tex/latex/microtype/microtype.sty
Package: microtype 2019/11/18 v2.7d Micro-typographical refinements (RS)
\MT@toks=\toks18
\MT@count=\count179
LaTeX Info: Redefining \textls on input line 790.
\MT@outer@kern=\dimen135
LaTeX Info: Redefining \textmicrotypecontext on input line 1354.
\MT@listname@count=\count180
(/usr/local/texlive/2020/texmf-dist/tex/latex/microtype/microtype-pdftex.def
File: microtype-pdftex.def 2019/11/18 v2.7d Definitions specific to pdftex (RS)

LaTeX Info: Redefining \lsstyle on input line 914.
LaTeX Info: Redefining \lslig on input line 914.
\MT@outer@space=\skip58
)
Package microtype Info: Loading configuration file microtype.cfg.
(/usr/local/texlive/2020/texmf-dist/tex/latex/microtype/microtype.cfg
File: microtype.cfg 2019/11/18 v2.7d microtype main configuration file (RS)
)) (/usr/local/texlive/2020/texmf-dist/tex/latex/graphics/color.sty
Package: color 2019/11/23 v1.2a Standard LaTeX Color (DPC)
(/usr/local/texlive/2020/texmf-dist/tex/latex/graphics-cfg/color.cfg
File: color.cfg 2016/01/02 v1.6 sample color configuration
)
Package color Info: Driver file: pdftex.def on input line 147.
(/usr/local/texlive/2020/texmf-dist/tex/latex/graphics-def/pdftex.def
File: pdftex.def 2018/01/08 v1.0l Graphics/color driver for pdftex
)) (/usr/local/texlive/2020/texmf-dist/tex/latex/framed/framed.sty
Package: framed 2011/10/22 v 0.96: framed or shaded text with page breaks
\OuterFrameSep=\skip59
\fb@frw=\dimen136
\fb@frh=\dimen137
\FrameRule=\dimen138
\FrameSep=\dimen139
)) (/usr/local/texlive/2020/texmf-dist/tex/latex/graphics/graphicx.sty
Package: graphicx 2019/11/30 v1.2a Enhanced LaTeX Graphics (DPC,SPQR)
(/usr/local/texlive/2020/texmf-dist/tex/latex/graphics/graphics.sty
Package: graphics 2019/11/30 v1.4a Standard LaTeX Graphics (DPC,SPQR)
(/usr/local/texlive/2020/texmf-dist/tex/latex/graphics/trig.sty
Package: trig 2016/01/03 v1.10 sin cos tan (DPC)
) (/usr/local/texlive/2020/texmf-dist/tex/latex/graphics-cfg/graphics.cfg
File: graphics.cfg 2016/06/04 v1.11 sample graphics configuration
)
Package graphics Info: Driver file: pdftex.def on input line 105.
)
\Gin@req@height=\dimen140
\Gin@req@width=\dimen141
) (/usr/local/texlive/2020/texmf-dist/tex/latex/base/latexsym.sty
Package: latexsym 1998/08/17 v2.2e Standard LaTeX package (lasy symbols)
\symlasy=\mathgroup4
LaTeX Font Info:    Overwriting symbol font `lasy' in version `bold'
(Font)                  U/lasy/m/n --> U/lasy/b/n on input line 52.
) (/usr/local/texlive/2020/texmf-dist/tex/latex/amsmath/amsmath.sty
Package: amsmath 2020/01/20 v2.17e AMS math features
\@mathmargin=\skip60
For additional information on amsmath, use the `?' option.
(/usr/local/texlive/2020/texmf-dist/tex/latex/amsmath/amstext.sty
Package: amstext 2000/06/29 v2.01 AMS text
(/usr/local/texlive/2020/texmf-dist/tex/latex/amsmath/amsgen.sty
File: amsgen.sty 1999/11/30 v2.0 generic functions
\@emptytoks=\toks19
\ex@=\dimen142
)) (/usr/local/texlive/2020/texmf-dist/tex/latex/amsmath/amsbsy.sty
Package: amsbsy 1999/11/29 v1.2d Bold Symbols
\pmbraise@=\dimen143
) (/usr/local/texlive/2020/texmf-dist/tex/latex/amsmath/amsopn.sty
Package: amsopn 2016/03/08 v2.02 operator names
)
\inf@bad=\count181
LaTeX Info: Redefining \frac on input line 227.
\uproot@=\count182
\leftroot@=\count183
LaTeX Info: Redefining \overline on input line 389.
\classnum@=\count184
\DOTSCASE@=\count185
LaTeX Info: Redefining \ldots on input line 486.
LaTeX Info: Redefining \dots on input line 489.
LaTeX Info: Redefining \cdots on input line 610.
\Mathstrutbox@=\box46
\strutbox@=\box47
\big@size=\dimen144
LaTeX Font Info:    Redeclaring font encoding OML on input line 733.
LaTeX Font Info:    Redeclaring font encoding OMS on input line 734.
\macc@depth=\count186
\c@MaxMatrixCols=\count187
\dotsspace@=\muskip16
\c@parentequation=\count188
\dspbrk@lvl=\count189
\tag@help=\toks20
\row@=\count190
\column@=\count191
\maxfields@=\count192
\andhelp@=\toks21
\eqnshift@=\dimen145
\alignsep@=\dimen146
\tagshift@=\dimen147
\tagwidth@=\dimen148
\totwidth@=\dimen149
\lineht@=\dimen150
\@envbody=\toks22
\multlinegap=\skip61
\multlinetaggap=\skip62
\mathdisplay@stack=\toks23
LaTeX Info: Redefining \[ on input line 2859.
LaTeX Info: Redefining \] on input line 2860.
) (/usr/local/texlive/2020/texmf-dist/tex/latex/amsfonts/amssymb.sty
Package: amssymb 2013/01/14 v3.01 AMS font symbols
(/usr/local/texlive/2020/texmf-dist/tex/latex/amsfonts/amsfonts.sty
Package: amsfonts 2013/01/14 v3.01 Basic AMSFonts support
\symAMSa=\mathgroup5
\symAMSb=\mathgroup6
LaTeX Font Info:    Redeclaring math symbol \hbar on input line 98.
LaTeX Font Info:    Overwriting math alphabet `\mathfrak' in version `bold'
(Font)                  U/euf/m/n --> U/euf/b/n on input line 106.
)) (/usr/local/texlive/2020/texmf-dist/tex/latex/amscls/amsthm.sty
Package: amsthm 2017/10/31 v2.20.4
\thm@style=\toks24
\thm@bodyfont=\toks25
\thm@headfont=\toks26
\thm@notefont=\toks27
\thm@headpunct=\toks28
\thm@preskip=\skip63
\thm@postskip=\skip64
\thm@headsep=\skip65
\dth@everypar=\toks29
) (/usr/local/texlive/2020/texmf-dist/tex/latex/tools/longtable.sty
Package: longtable 2020/01/07 v4.13 Multi-page Table package (DPC)
\LTleft=\skip66
\LTright=\skip67
\LTpre=\skip68
\LTpost=\skip69
\LTchunksize=\count193
\LTcapwidth=\dimen151
\LT@head=\box48
\LT@firsthead=\box49
\LT@foot=\box50
\LT@lastfoot=\box51
\LT@cols=\count194
\LT@rows=\count195
\c@LT@tables=\count196
\c@LT@chunks=\count197
\LT@p@ftn=\toks30
) (/usr/local/texlive/2020/texmf-dist/tex/latex/booktabs/booktabs.sty
Package: booktabs 2020/01/12 v1.61803398 Publication quality tables
\heavyrulewidth=\dimen152
\lightrulewidth=\dimen153
\cmidrulewidth=\dimen154
\belowrulesep=\dimen155
\belowbottomsep=\dimen156
\aboverulesep=\dimen157
\abovetopsep=\dimen158
\cmidrulesep=\dimen159
\cmidrulekern=\dimen160
\defaultaddspace=\dimen161
\@cmidla=\count198
\@cmidlb=\count199
\@aboverulesep=\dimen162
\@belowrulesep=\dimen163
\@thisruleclass=\count266
\@lastruleclass=\count267
\@thisrulewidth=\dimen164
) (/usr/local/texlive/2020/texmf-dist/tex/latex/setspace/setspace.sty
Package: setspace 2011/12/19 v6.7a set line spacing
) (/usr/local/texlive/2020/texmf-dist/tex/latex/url/url.sty
\Urlmuskip=\muskip17
Package: url 2013/09/16  ver 3.4  Verb mode for urls, etc.
) (/usr/local/texlive/2020/texmf-dist/tex/latex/hyperref/hyperref.sty
Package: hyperref 2020/01/14 v7.00d Hypertext links for LaTeX
(/usr/local/texlive/2020/texmf-dist/tex/generic/ltxcmds/ltxcmds.sty
Package: ltxcmds 2019/12/15 v1.24 LaTeX kernel commands for general use (HO)
) (/usr/local/texlive/2020/texmf-dist/tex/latex/pdftexcmds/pdftexcmds.sty
Package: pdftexcmds 2019/11/24 v0.31 Utility functions of pdfTeX for LuaTeX (HO
)
(/usr/local/texlive/2020/texmf-dist/tex/generic/infwarerr/infwarerr.sty
Package: infwarerr 2019/12/03 v1.5 Providing info/warning/error messages (HO)
)
Package pdftexcmds Info: \pdf@primitive is available.
Package pdftexcmds Info: \pdf@ifprimitive is available.
Package pdftexcmds Info: \pdfdraftmode found.
) (/usr/local/texlive/2020/texmf-dist/tex/generic/kvsetkeys/kvsetkeys.sty
Package: kvsetkeys 2019/12/15 v1.18 Key value parser (HO)
) (/usr/local/texlive/2020/texmf-dist/tex/generic/kvdefinekeys/kvdefinekeys.sty
Package: kvdefinekeys 2019-12-19 v1.6 Define keys (HO)
) (/usr/local/texlive/2020/texmf-dist/tex/generic/pdfescape/pdfescape.sty
Package: pdfescape 2019/12/09 v1.15 Implements pdfTeX's escape features (HO)
) (/usr/local/texlive/2020/texmf-dist/tex/latex/hycolor/hycolor.sty
Package: hycolor 2020-01-27 v1.10 Color options for hyperref/bookmark (HO)
) (/usr/local/texlive/2020/texmf-dist/tex/latex/letltxmacro/letltxmacro.sty
Package: letltxmacro 2019/12/03 v1.6 Let assignment for LaTeX macros (HO)
) (/usr/local/texlive/2020/texmf-dist/tex/latex/auxhook/auxhook.sty
Package: auxhook 2019-12-17 v1.6 Hooks for auxiliary files (HO)
) (/usr/local/texlive/2020/texmf-dist/tex/latex/kvoptions/kvoptions.sty
Package: kvoptions 2019/11/29 v3.13 Key value format for package options (HO)
)
\@linkdim=\dimen165
\Hy@linkcounter=\count268
\Hy@pagecounter=\count269
(/usr/local/texlive/2020/texmf-dist/tex/latex/hyperref/pd1enc.def
File: pd1enc.def 2020/01/14 v7.00d Hyperref: PDFDocEncoding definition (HO)
Now handling font encoding PD1 ...
... no UTF-8 mapping file for font encoding PD1
) (/usr/local/texlive/2020/texmf-dist/tex/generic/intcalc/intcalc.sty
Package: intcalc 2019/12/15 v1.3 Expandable calculations with integers (HO)
) (/usr/local/texlive/2020/texmf-dist/tex/generic/etexcmds/etexcmds.sty
Package: etexcmds 2019/12/15 v1.7 Avoid name clashes with e-TeX commands (HO)
)
\Hy@SavedSpaceFactor=\count270
Package hyperref Info: Hyper figures OFF on input line 4547.
Package hyperref Info: Link nesting OFF on input line 4552.
Package hyperref Info: Hyper index ON on input line 4555.
Package hyperref Info: Plain pages OFF on input line 4562.
Package hyperref Info: Backreferencing OFF on input line 4567.
Package hyperref Info: Implicit mode ON; LaTeX internals redefined.
Package hyperref Info: Bookmarks ON on input line 4800.
\c@Hy@tempcnt=\count271
LaTeX Info: Redefining \url on input line 5159.
\XeTeXLinkMargin=\dimen166
(/usr/local/texlive/2020/texmf-dist/tex/generic/bitset/bitset.sty
Package: bitset 2019/12/09 v1.3 Handle bit-vector datatype (HO)
(/usr/local/texlive/2020/texmf-dist/tex/generic/bigintcalc/bigintcalc.sty
Package: bigintcalc 2019/12/15 v1.5 Expandable calculations on big integers (HO
)
))
\Fld@menulength=\count272
\Field@Width=\dimen167
\Fld@charsize=\dimen168
Package hyperref Info: Hyper figures OFF on input line 6430.
Package hyperref Info: Link nesting OFF on input line 6435.
Package hyperref Info: Hyper index ON on input line 6438.
Package hyperref Info: backreferencing OFF on input line 6445.
Package hyperref Info: Link coloring OFF on input line 6450.
Package hyperref Info: Link coloring with OCG OFF on input line 6455.
Package hyperref Info: PDF/A mode OFF on input line 6460.
LaTeX Info: Redefining \ref on input line 6500.
LaTeX Info: Redefining \pageref on input line 6504.
(/usr/local/texlive/2020/texmf-dist/tex/generic/atbegshi/atbegshi.sty
Package: atbegshi 2019/12/05 v1.19 At begin shipout hook (HO)
)
\Hy@abspage=\count273
\c@Item=\count274
\c@Hfootnote=\count275
)
Package hyperref Info: Driver (autodetected): hpdftex.
(/usr/local/texlive/2020/texmf-dist/tex/latex/hyperref/hpdftex.def
File: hpdftex.def 2020/01/14 v7.00d Hyperref driver for pdfTeX
(/usr/local/texlive/2020/texmf-dist/tex/latex/atveryend/atveryend.sty
Package: atveryend 2019-12-11 v1.11 Hooks at the very end of document (HO)
Package atveryend Info: \enddocument detected (standard20110627).
)
\Fld@listcount=\count276
\c@bookmark@seq@number=\count277

(/usr/local/texlive/2020/texmf-dist/tex/latex/rerunfilecheck/rerunfilecheck.sty
Package: rerunfilecheck 2019/12/05 v1.9 Rerun checks for auxiliary files (HO)

(/usr/local/texlive/2020/texmf-dist/tex/generic/uniquecounter/uniquecounter.sty
Package: uniquecounter 2019/12/15 v1.4 Provide unlimited unique counter (HO)
)
Package uniquecounter Info: New unique counter `rerunfilecheck' on input line 2
86.
)
\Hy@SectionHShift=\skip70
)
Package hyperref Info: Option `breaklinks' set `true' on input line 17.

Package hyperref Warning: Option `bookmarks' has already been used,
(hyperref)                setting the option has no effect on input line 17.

Package hyperref Info: Option `colorlinks' set `true' on input line 17.
(/usr/local/texlive/2020/texmf-dist/tex/latex/lm/lmodern.sty
Package: lmodern 2009/10/30 v1.6 Latin Modern Fonts
LaTeX Font Info:    Overwriting symbol font `operators' in version `normal'
(Font)                  OT1/cmr/m/n --> OT1/lmr/m/n on input line 22.
LaTeX Font Info:    Overwriting symbol font `letters' in version `normal'
(Font)                  OML/cmm/m/it --> OML/lmm/m/it on input line 23.
LaTeX Font Info:    Overwriting symbol font `symbols' in version `normal'
(Font)                  OMS/cmsy/m/n --> OMS/lmsy/m/n on input line 24.
LaTeX Font Info:    Overwriting symbol font `largesymbols' in version `normal'
(Font)                  OMX/cmex/m/n --> OMX/lmex/m/n on input line 25.
LaTeX Font Info:    Overwriting symbol font `operators' in version `bold'
(Font)                  OT1/cmr/bx/n --> OT1/lmr/bx/n on input line 26.
LaTeX Font Info:    Overwriting symbol font `letters' in version `bold'
(Font)                  OML/cmm/b/it --> OML/lmm/b/it on input line 27.
LaTeX Font Info:    Overwriting symbol font `symbols' in version `bold'
(Font)                  OMS/cmsy/b/n --> OMS/lmsy/b/n on input line 28.
LaTeX Font Info:    Overwriting symbol font `largesymbols' in version `bold'
(Font)                  OMX/cmex/m/n --> OMX/lmex/m/n on input line 29.
LaTeX Font Info:    Overwriting math alphabet `\mathbf' in version `normal'
(Font)                  OT1/cmr/bx/n --> OT1/lmr/bx/n on input line 31.
LaTeX Font Info:    Overwriting math alphabet `\mathsf' in version `normal'
(Font)                  OT1/cmss/m/n --> OT1/lmss/m/n on input line 32.
LaTeX Font Info:    Overwriting math alphabet `\mathit' in version `normal'
(Font)                  OT1/cmr/m/it --> OT1/lmr/m/it on input line 33.
LaTeX Font Info:    Overwriting math alphabet `\mathtt' in version `normal'
(Font)                  OT1/cmtt/m/n --> OT1/lmtt/m/n on input line 34.
LaTeX Font Info:    Overwriting math alphabet `\mathbf' in version `bold'
(Font)                  OT1/cmr/bx/n --> OT1/lmr/bx/n on input line 35.
LaTeX Font Info:    Overwriting math alphabet `\mathsf' in version `bold'
(Font)                  OT1/cmss/bx/n --> OT1/lmss/bx/n on input line 36.
LaTeX Font Info:    Overwriting math alphabet `\mathit' in version `bold'
(Font)                  OT1/cmr/bx/it --> OT1/lmr/bx/it on input line 37.
LaTeX Font Info:    Overwriting math alphabet `\mathtt' in version `bold'
(Font)                  OT1/cmtt/m/n --> OT1/lmtt/m/n on input line 38.
) (/usr/local/texlive/2020/texmf-dist/tex/latex/float/float.sty
Package: float 2001/11/08 v1.3d Float enhancements (AL)
\c@float@type=\count278
\float@exts=\toks31
\float@box=\box52
\@float@everytoks=\toks32
\@floatcapt=\box53
) (/usr/local/texlive/2020/texmf-dist/tex/latex/graphics/rotating.sty
Package: rotating 2016/08/11 v2.16d rotated objects in LaTeX
(/usr/local/texlive/2020/texmf-dist/tex/latex/base/ifthen.sty
Package: ifthen 2014/09/29 v1.1c Standard LaTeX ifthen package (DPC)
)
\c@r@tfl@t=\count279
\rotFPtop=\skip71
\rotFPbot=\skip72
\rot@float@box=\box54
\rot@mess@toks=\toks33
) (/usr/local/texlive/2020/texmf-dist/tex/latex/geometry/geometry.sty
Package: geometry 2020/01/02 v5.9 Page Geometry
(/usr/local/texlive/2020/texmf-dist/tex/generic/iftex/ifvtex.sty
Package: ifvtex 2019/10/25 v1.7 ifvtex legacy package. Use iftex instead.
)
\Gm@cnth=\count280
\Gm@cntv=\count281
\c@Gm@tempcnt=\count282
\Gm@bindingoffset=\dimen169
\Gm@wd@mp=\dimen170
\Gm@odd@mp=\dimen171
\Gm@even@mp=\dimen172
\Gm@layoutwidth=\dimen173
\Gm@layoutheight=\dimen174
\Gm@layouthoffset=\dimen175
\Gm@layoutvoffset=\dimen176
\Gm@dimlist=\toks34
) (/usr/local/texlive/2020/texmf-dist/tex/latex/base/fontenc.sty
Package: fontenc 2020/02/11 v2.0o Standard LaTeX package
LaTeX Font Info:    Trying to load font information for T1+lmr on input line 11
2.
(/usr/local/texlive/2020/texmf-dist/tex/latex/lm/t1lmr.fd
File: t1lmr.fd 2009/10/30 v1.6 Font defs for Latin Modern
)) (/usr/local/texlive/2020/texmf-dist/tex/latex/multirow/multirow.sty
Package: multirow 2019/05/31 v2.5 Span multiple rows of a table
\multirow@colwidth=\skip73
\multirow@cntb=\count283
\multirow@dima=\skip74
\bigstrutjot=\dimen177
) (/usr/local/texlive/2020/texmf-dist/tex/latex/nag/nag.sty
Package: nag 2011/11/25 0.7 warning about old commands (ulmi)
\c@nag@c=\count284
\c@nag@sins=\count285
) (/usr/local/texlive/2020/texmf-dist/tex/latex/cleveref/cleveref.sty
Package: cleveref 2018/03/27 v0.21.4 Intelligent cross-referencing
Package cleveref Info: `hyperref' support loaded on input line 2370.
LaTeX Info: Redefining \cref on input line 2370.
LaTeX Info: Redefining \Cref on input line 2370.
LaTeX Info: Redefining \crefrange on input line 2370.
LaTeX Info: Redefining \Crefrange on input line 2370.
LaTeX Info: Redefining \cpageref on input line 2370.
LaTeX Info: Redefining \Cpageref on input line 2370.
LaTeX Info: Redefining \cpagerefrange on input line 2370.
LaTeX Info: Redefining \Cpagerefrange on input line 2370.
LaTeX Info: Redefining \labelcref on input line 2370.
LaTeX Info: Redefining \labelcpageref on input line 2370.
Package cleveref Info: `amsthm' support loaded on input line 3026.
) (/usr/local/texlive/2020/texmf-dist/tex/latex/tools/dcolumn.sty
Package: dcolumn 2014/10/28 v1.06 decimal alignment package (DPC)
(/usr/local/texlive/2020/texmf-dist/tex/latex/tools/array.sty
Package: array 2019/08/31 v2.4l Tabular extension package (FMi)
\col@sep=\dimen178
\ar@mcellbox=\box55
\extrarowheight=\dimen179
\NC@list=\toks35
\extratabsurround=\skip75
\backup@length=\skip76
\ar@cellbox=\box56
)) (/usr/local/texlive/2020/texmf-dist/tex/latex/pdflscape/pdflscape.sty
Package: pdflscape 2019/12/05 v0.12 Display of landscape pages in PDF (HO)
(/usr/local/texlive/2020/texmf-dist/tex/latex/graphics/lscape.sty
Package: lscape 2000/10/22 v3.01 Landscape Pages (DPC)
)
Package pdflscape Info: Auto-detected driver: pdftex on input line 81.
) (/usr/local/texlive/2020/texmf-dist/tex/latex/caption/caption.sty
Package: caption 2020/01/03 v3.4h Customizing captions (AR)
(/usr/local/texlive/2020/texmf-dist/tex/latex/caption/caption3.sty
Package: caption3 2020/01/03 v1.8h caption3 kernel (AR)
Package caption3 Info: TeX engine: e-TeX on input line 61.
\captionmargin=\dimen180
\captionmargin@=\dimen181
\captionwidth=\dimen182
\caption@tempdima=\dimen183
\caption@indent=\dimen184
\caption@parindent=\dimen185
\caption@hangindent=\dimen186
Package caption Info: Standard document class detected.
)
\c@caption@flags=\count286
\c@continuedfloat=\count287
Package caption Info: float package is loaded.
Package caption Info: hyperref package is loaded.
Package caption Info: longtable package is loaded.
(/usr/local/texlive/2020/texmf-dist/tex/latex/caption/ltcaption.sty
Package: ltcaption 2018/08/26 v1.4a longtable captions (AR)
)
Package caption Info: rotating package is loaded.
) (/usr/local/texlive/2020/texmf-dist/tex/latex/footmisc/footmisc.sty
Package: footmisc 2011/06/06 v5.5b a miscellany of footnote facilities
\FN@temptoken=\toks36
\footnotemargin=\dimen187
\c@pp@next@reset=\count288
Package footmisc Info: Declaring symbol style bringhurst on input line 855.
Package footmisc Info: Declaring symbol style chicago on input line 863.
Package footmisc Info: Declaring symbol style wiley on input line 872.
Package footmisc Info: Declaring symbol style lamport-robust on input line 883.

Package footmisc Info: Declaring symbol style lamport* on input line 903.
Package footmisc Info: Declaring symbol style lamport*-robust on input line 924
.
) (/usr/local/texlive/2020/texmf-dist/tex/generic/babel/babel.sty
Package: babel 2020/03/22 3.42 The Babel package
(/usr/local/texlive/2020/texmf-dist/tex/generic/babel/switch.def
File: switch.def 2020/03/22 3.42 Babel switching mechanism
) (/usr/local/texlive/2020/texmf-dist/tex/generic/babel-danish/danish.ldf
Language: danish 2009/09/19 v1.3r Danish support from the babel system
(/usr/local/texlive/2020/texmf-dist/tex/generic/babel/babel.def
File: babel.def 2020/03/22 3.42 Babel common definitions
\babel@savecnt=\count289
\U@D=\dimen188
(/usr/local/texlive/2020/texmf-dist/tex/generic/babel/txtbabel.def)
\bbl@readstream=\read3
\bbl@dirlevel=\count290
)
Package babel Info: Making " an active character on input line 82.
)) (/usr/local/texlive/2020/texmf-dist/tex/latex/l3backend/l3backend-pdfmode.de
f
File: l3backend-pdfmode.def 2020-03-12 L3 backend support: PDF mode
\l__kernel_color_stack_int=\count291
\l__pdf_internal_box=\box57
)
No file Rguide.aux.
\openout1 = `Rguide.aux'.

LaTeX Font Info:    Checking defaults for OML/cmm/m/it on input line 74.
LaTeX Font Info:    ... okay on input line 74.
LaTeX Font Info:    Checking defaults for OMS/cmsy/m/n on input line 74.
LaTeX Font Info:    ... okay on input line 74.
LaTeX Font Info:    Checking defaults for OT1/cmr/m/n on input line 74.
LaTeX Font Info:    ... okay on input line 74.
LaTeX Font Info:    Checking defaults for T1/cmr/m/n on input line 74.
LaTeX Font Info:    ... okay on input line 74.
LaTeX Font Info:    Checking defaults for TS1/cmr/m/n on input line 74.
LaTeX Font Info:    ... okay on input line 74.
LaTeX Font Info:    Checking defaults for OMX/cmex/m/n on input line 74.
LaTeX Font Info:    ... okay on input line 74.
LaTeX Font Info:    Checking defaults for U/cmr/m/n on input line 74.
LaTeX Font Info:    ... okay on input line 74.
LaTeX Font Info:    Checking defaults for PD1/pdf/m/n on input line 74.
LaTeX Font Info:    ... okay on input line 74.
LaTeX Info: Redefining \microtypecontext on input line 74.
Package microtype Info: Generating PDF output.
Package microtype Info: Character protrusion enabled (level 2).
Package microtype Info: Using protrusion set `basicmath'.
Package microtype Info: Automatic font expansion enabled (level 2),
(microtype)             stretch: 20, shrink: 20, step: 1, non-selected.
Package microtype Info: Using default expansion set `basictext'.
LaTeX Info: Redefining \showhyphens on input line 74.
Package microtype Info: No adjustment of tracking.
Package microtype Info: No adjustment of interword spacing.
Package microtype Info: No adjustment of character kerning.
(/usr/local/texlive/2020/texmf-dist/tex/latex/microtype/mt-cmr.cfg
File: mt-cmr.cfg 2013/05/19 v2.2 microtype config. file: Computer Modern Roman 
(RS)
) (/usr/local/texlive/2020/texmf-dist/tex/context/base/mkii/supp-pdf.mkii
[Loading MPS to PDF converter (version 2006.09.02).]
\scratchcounter=\count292
\scratchdimen=\dimen189
\scratchbox=\box58
\nofMPsegments=\count293
\nofMParguments=\count294
\everyMPshowfont=\toks37
\MPscratchCnt=\count295
\MPscratchDim=\dimen190
\MPnumerator=\count296
\makeMPintoPDFobject=\count297
\everyMPtoPDFconversion=\toks38
) (/usr/local/texlive/2020/texmf-dist/tex/latex/epstopdf-pkg/epstopdf-base.sty
Package: epstopdf-base 2020-01-24 v2.11 Base part for package epstopdf
(/usr/local/texlive/2020/texmf-dist/tex/latex/grfext/grfext.sty
Package: grfext 2019/12/03 v1.3 Manage graphics extensions (HO)
)
Package epstopdf-base Info: Redefining graphics rule for `.eps' on input line 4
85.
Package grfext Info: Graphics extension search list:
(grfext)             [.pdf,.png,.jpg,.mps,.jpeg,.jbig2,.jb2,.PDF,.PNG,.JPG,.JPE
G,.JBIG2,.JB2,.eps]
(grfext)             \AppendGraphicsExtensions on input line 504.
(/usr/local/texlive/2020/texmf-dist/tex/latex/latexconfig/epstopdf-sys.cfg
File: epstopdf-sys.cfg 2010/07/13 v1.3 Configuration of (r)epstopdf for TeX Liv
e
))

Package Fancyhdr Warning: \fancyhead's `E' option without twoside option is use
less on input line 74.


Package Fancyhdr Warning: \fancyhead's `E' option without twoside option is use
less on input line 74.

\AtBeginShipoutBox=\box59
Package hyperref Info: Link coloring ON on input line 74.
(/usr/local/texlive/2020/texmf-dist/tex/latex/hyperref/nameref.sty
Package: nameref 2019/09/16 v2.46 Cross-referencing by name of section
(/usr/local/texlive/2020/texmf-dist/tex/latex/refcount/refcount.sty
Package: refcount 2019/12/15 v3.6 Data extraction from label references (HO)
)
(/usr/local/texlive/2020/texmf-dist/tex/generic/gettitlestring/gettitlestring.s
ty
Package: gettitlestring 2019/12/15 v1.6 Cleanup title references (HO)
)
\c@section@level=\count298
)
LaTeX Info: Redefining \ref on input line 74.
LaTeX Info: Redefining \pageref on input line 74.
LaTeX Info: Redefining \nameref on input line 74.
\@outlinefile=\write4
\openout4 = `Rguide.out'.

*geometry* driver: auto-detecting
*geometry* detected driver: pdftex
*geometry* verbose mode - [ preamble ] result:
* driver: pdftex
* paper: <default>
* layout: <same size as paper>
* layoutoffset:(h,v)=(0.0pt,0.0pt)
* modes: 
* h-part:(L,W,R)=(85.35826pt, 443.57848pt, 85.35826pt)
* v-part:(T,H,B)=(71.13188pt, 652.70622pt, 71.13188pt)
* \paperwidth=614.295pt
* \paperheight=794.96999pt
* \textwidth=443.57848pt
* \textheight=652.70622pt
* \oddsidemargin=13.08827pt
* \evensidemargin=13.08827pt
* \topmargin=-33.0119pt
* \headheight=12.0pt
* \headsep=19.8738pt
* \topskip=12.0pt
* \footskip=30.0pt
* \marginparwidth=47.0pt
* \marginparsep=7.0pt
* \columnsep=10.0pt
* \skip\footins=10.8pt plus 4.0pt minus 2.0pt
* \hoffset=0.0pt
* \voffset=0.0pt
* \mag=1000
* \@twocolumnfalse
* \@twosidefalse
* \@mparswitchfalse
* \@reversemarginfalse
* (1in=72.27pt=25.4mm, 1cm=28.453pt)

Package caption Info: Begin \AtBeginDocument code.
Package caption Info: End \AtBeginDocument code.
LaTeX Font Info:    Trying to load font information for OT1+lmr on input line 7
8.
(/usr/local/texlive/2020/texmf-dist/tex/latex/lm/ot1lmr.fd
File: ot1lmr.fd 2009/10/30 v1.6 Font defs for Latin Modern
)
LaTeX Font Info:    Trying to load font information for OML+lmm on input line 7
8.
(/usr/local/texlive/2020/texmf-dist/tex/latex/lm/omllmm.fd
File: omllmm.fd 2009/10/30 v1.6 Font defs for Latin Modern
)
LaTeX Font Info:    Trying to load font information for OMS+lmsy on input line 
78.
(/usr/local/texlive/2020/texmf-dist/tex/latex/lm/omslmsy.fd
File: omslmsy.fd 2009/10/30 v1.6 Font defs for Latin Modern
)
LaTeX Font Info:    Trying to load font information for OMX+lmex on input line 
78.
(/usr/local/texlive/2020/texmf-dist/tex/latex/lm/omxlmex.fd
File: omxlmex.fd 2009/10/30 v1.6 Font defs for Latin Modern
)
LaTeX Font Info:    External font `lmex10' loaded for size
(Font)              <12> on input line 78.
LaTeX Font Info:    External font `lmex10' loaded for size
(Font)              <8> on input line 78.
LaTeX Font Info:    External font `lmex10' loaded for size
(Font)              <6> on input line 78.
LaTeX Font Info:    Trying to load font information for U+lasy on input line 78
.
(/usr/local/texlive/2020/texmf-dist/tex/latex/base/ulasy.fd
File: ulasy.fd 1998/08/17 v2.2e LaTeX symbol font definitions
)
LaTeX Font Info:    Trying to load font information for U+msa on input line 78.

(/usr/local/texlive/2020/texmf-dist/tex/latex/amsfonts/umsa.fd
File: umsa.fd 2013/01/14 v3.01 AMS symbols A
) (/usr/local/texlive/2020/texmf-dist/tex/latex/microtype/mt-msa.cfg
File: mt-msa.cfg 2006/02/04 v1.1 microtype config. file: AMS symbols (a) (RS)
)
LaTeX Font Info:    Trying to load font information for U+msb on input line 78.

(/usr/local/texlive/2020/texmf-dist/tex/latex/amsfonts/umsb.fd
File: umsb.fd 2013/01/14 v3.01 AMS symbols B
) (/usr/local/texlive/2020/texmf-dist/tex/latex/microtype/mt-msb.cfg
File: mt-msb.cfg 2005/06/01 v1.0 microtype config. file: AMS symbols (b) (RS)
) [1
Non-PDF special ignored!
<special> !% Reed College LaTeX Thesis Class 2001/12/04 SN
Non-PDF special ignored!
<special> rawpostscript % Reed College LaTeX Thesis Class 2001/12/04 SN


{/usr/local/texlive/2020/texmf-var/fonts/map/pdftex/updmap/pdftex.map}]
\tf@toc=\write5
\openout5 = `Rguide.toc'.

[1


]
Kapitel 1.
pdfTeX warning (ext4): destination with the same identifier (name{page.1}) has 
been already used, duplicate ignored
<to be read again> 
                   \relax 
l.110     O
           nline: \url{http://erikgahner.dk/Rguide/} [1


]
LaTeX Font Info:    Trying to load font information for TS1+lmr on input line 1
10.
(/usr/local/texlive/2020/texmf-dist/tex/latex/lm/ts1lmr.fd
File: ts1lmr.fd 2009/10/30 v1.6 Font defs for Latin Modern
)
LaTeX Font Info:    Trying to load font information for T1+lmtt on input line 1
27.
(/usr/local/texlive/2020/texmf-dist/tex/latex/lm/t1lmtt.fd
File: t1lmtt.fd 2009/10/30 v1.6 Font defs for Latin Modern
)

Package Fancyhdr Warning: \headheight is too small (12.0pt): 
Make it at least 14.49998pt.
We now make it that large for the rest of the document.
This may cause the page layout to be inconsistent, however.

[2] [3]

LaTeX Warning: Reference `fig:interface' on page 4 undefined on input line 161.


<figure/rstudio.png, id=47, 596.2275pt x 349.305pt>
File: figure/rstudio.png Graphic file (type png)
<use figure/rstudio.png>
Package pdftex.def Info: figure/rstudio.png  used on input line 163.
(pdftex.def)             Requested size: 387.54329pt x 227.04555pt.
[4 <./figure/rstudio.png>] [5]
Kapitel 2.
LaTeX Font Info:    External font `lmex10' loaded for size
(Font)              <10> on input line 184.
LaTeX Font Info:    External font `lmex10' loaded for size
(Font)              <7> on input line 184.
LaTeX Font Info:    External font `lmex10' loaded for size
(Font)              <5> on input line 184.
[6

] [7] [8] [9] [10]
LaTeX Font Info:    Font shape `T1/lmtt/bx/n' in size <17.28> not available
(Font)              Font shape `T1/lmtt/b/n' tried instead on input line 351.
[11] [12] [13] [14]
LaTeX Font Info:    Trying to load font information for TS1+lmtt on input line 
473.
(/usr/local/texlive/2020/texmf-dist/tex/latex/lm/ts1lmtt.fd
File: ts1lmtt.fd 2009/10/30 v1.6 Font defs for Latin Modern
) [15]
<figure/View.png, id=144, 261.97874pt x 234.1247pt>
File: figure/View.png Graphic file (type png)
<use figure/View.png>
Package pdftex.def Info: figure/View.png  used on input line 538.
(pdftex.def)             Requested size: 170.28416pt x 152.17924pt.
[16] [17 <./figure/View.png>] [18] [19] [20]

LaTeX Warning: Reference `ref-anpakker' on page 21 undefined on input line 691.


[21] [22]
Kapitel 3.
[23

] [24]

LaTeX Warning: Reference `ref-pakker' on page 25 undefined on input line 800.

[25] [26] [27]
Underfull \hbox (badness 10000) in paragraph at lines 913--913
[]\T1/lmr/bx/n/17.28 Vælg ræk-ke-føl-gen på ob-ser-va-tio-ner med
 []

[28] [29] [30] [31] [32] [33]
Kapitel 4.

LaTeX Warning: Reference `tab:anscombe' on page 34 undefined on input line 1097
.


Package longtable Warning: Column widths have changed
(longtable)                in table 4.1 on input line 1113.


LaTeX Warning: Reference `fig:anscombe' on page 34 undefined on input line 1114
.

<Rguide_files/figure-latex/anscombe-1.pdf, id=259, 311.1625pt x 374.39874pt>
File: Rguide_files/figure-latex/anscombe-1.pdf Graphic file (type pdf)
<use Rguide_files/figure-latex/anscombe-1.pdf>
Package pdftex.def Info: Rguide_files/figure-latex/anscombe-1.pdf  used on inpu
t line 1117.
(pdftex.def)             Requested size: 311.16174pt x 374.39783pt.
[34

] [35 <./Rguide_files/figure-latex/anscombe-1.pdf>]

LaTeX Warning: Reference `ref-pakker' on page 36 undefined on input line 1125.


Underfull \hbox (badness 2158) in paragraph at lines 1125--1125
[][]\T1/lmr/m/n/10 (+20) De da-ta-sæt vi ar-bej-der med i lø-bet af bo-gen kan 
li-ge-le-des fin-des på Git-Hub: [][]git-
 []

<Rguide_files/figure-latex/unnamed-chunk-75-1.pdf, id=288, 329.23pt x 250.9375p
t>
File: Rguide_files/figure-latex/unnamed-chunk-75-1.pdf Graphic file (type pdf)
<use Rguide_files/figure-latex/unnamed-chunk-75-1.pdf>
Package pdftex.def Info: Rguide_files/figure-latex/unnamed-chunk-75-1.pdf  used
 on input line 1137.
(pdftex.def)             Requested size: 329.22919pt x 250.93687pt.
[36 <./Rguide_files/figure-latex/unnamed-chunk-75-1.pdf>] [37]
<Rguide_files/figure-latex/unnamed-chunk-79-1.pdf, id=309, 351.3125pt x 313.17p
t>
File: Rguide_files/figure-latex/unnamed-chunk-79-1.pdf Graphic file (type pdf)
<use Rguide_files/figure-latex/unnamed-chunk-79-1.pdf>
Package pdftex.def Info: Rguide_files/figure-latex/unnamed-chunk-79-1.pdf  used
 on input line 1169.
(pdftex.def)             Requested size: 351.31163pt x 313.16922pt.
<Rguide_files/figure-latex/unnamed-chunk-80-1.pdf, id=310, 351.3125pt x 313.17p
t>
File: Rguide_files/figure-latex/unnamed-chunk-80-1.pdf Graphic file (type pdf)
<use Rguide_files/figure-latex/unnamed-chunk-80-1.pdf>
Package pdftex.def Info: Rguide_files/figure-latex/unnamed-chunk-80-1.pdf  used
 on input line 1179.
(pdftex.def)             Requested size: 351.31163pt x 313.16922pt.
[38 <./Rguide_files/figure-latex/unnamed-chunk-79-1.pdf>]
<Rguide_files/figure-latex/unnamed-chunk-81-1.pdf, id=322, 351.3125pt x 316.181
24pt>
File: Rguide_files/figure-latex/unnamed-chunk-81-1.pdf Graphic file (type pdf)
<use Rguide_files/figure-latex/unnamed-chunk-81-1.pdf>
Package pdftex.def Info: Rguide_files/figure-latex/unnamed-chunk-81-1.pdf  used
 on input line 1195.
(pdftex.def)             Requested size: 351.31163pt x 316.18047pt.
[39 <./Rguide_files/figure-latex/unnamed-chunk-80-1.pdf>] [40 <./Rguide_files/f
igure-latex/unnamed-chunk-81-1.pdf>]

LaTeX Warning: Reference `tab:ggplot2' on page 41 undefined on input line 1208.



Package longtable Warning: Column widths have changed
(longtable)                in table 4.2 on input line 1225.


LaTeX Warning: Reference `tab:ggthemes' on page 41 undefined on input line 1230
.


Package longtable Warning: Column widths have changed
(longtable)                in table 4.3 on input line 1250.

[41]

LaTeX Warning: Reference `fig:ggthemes' on page 42 undefined on input line 1251
.

<Rguide_files/figure-latex/ggthemes-1.pdf, id=363, 363.3575pt x 430.60875pt>
File: Rguide_files/figure-latex/ggthemes-1.pdf Graphic file (type pdf)
<use Rguide_files/figure-latex/ggthemes-1.pdf>
Package pdftex.def Info: Rguide_files/figure-latex/ggthemes-1.pdf  used on inpu
t line 1254.
(pdftex.def)             Requested size: 363.3566pt x 430.60768pt.

Overfull \hbox (7.30661pt too wide) in paragraph at lines 1251--1256
\T1/lmtt/m/n/12 theme_bw()\T1/lmr/m/n/12 (-20) , \T1/lmtt/m/n/12 theme_minimal(
)\T1/lmr/m/n/12 (-20) , \T1/lmtt/m/n/12 theme_classic()\T1/lmr/m/n/12 (-20) , \
T1/lmtt/m/n/12 theme_base()\T1/lmr/m/n/12 (-20) , \T1/lmtt/m/n/12 theme_economi
st()\T1/lmr/m/n/12 (-20) ,
 []

[42 <./Rguide_files/figure-latex/ggthemes-1.pdf>] [43] [44]
<Rguide_files/figure-latex/unnamed-chunk-84-1.pdf, id=390, 423.5825pt x 277.035
pt>
File: Rguide_files/figure-latex/unnamed-chunk-84-1.pdf Graphic file (type pdf)
<use Rguide_files/figure-latex/unnamed-chunk-84-1.pdf>
Package pdftex.def Info: Rguide_files/figure-latex/unnamed-chunk-84-1.pdf  used
 on input line 1327.
(pdftex.def)             Requested size: 423.58147pt x 277.03432pt.
<Rguide_files/figure-latex/unnamed-chunk-85-1.pdf, id=391, 423.5825pt x 279.042
5pt>
File: Rguide_files/figure-latex/unnamed-chunk-85-1.pdf Graphic file (type pdf)
<use Rguide_files/figure-latex/unnamed-chunk-85-1.pdf>
Package pdftex.def Info: Rguide_files/figure-latex/unnamed-chunk-85-1.pdf  used
 on input line 1339.
(pdftex.def)             Requested size: 423.58147pt x 279.04181pt.
[45 <./Rguide_files/figure-latex/unnamed-chunk-84-1.pdf>]
<Rguide_files/figure-latex/unnamed-chunk-86-1.pdf, id=403, 423.5825pt x 279.042
5pt>
File: Rguide_files/figure-latex/unnamed-chunk-86-1.pdf Graphic file (type pdf)
<use Rguide_files/figure-latex/unnamed-chunk-86-1.pdf>
Package pdftex.def Info: Rguide_files/figure-latex/unnamed-chunk-86-1.pdf  used
 on input line 1349.
(pdftex.def)             Requested size: 423.58147pt x 279.04181pt.
[46 <./Rguide_files/figure-latex/unnamed-chunk-85-1.pdf>] [47 <./Rguide_files/f
igure-latex/unnamed-chunk-86-1.pdf>]
<Rguide_files/figure-latex/unnamed-chunk-88-1.pdf, id=428, 427.5975pt x 265.993
74pt>
File: Rguide_files/figure-latex/unnamed-chunk-88-1.pdf Graphic file (type pdf)
<use Rguide_files/figure-latex/unnamed-chunk-88-1.pdf>
Package pdftex.def Info: Rguide_files/figure-latex/unnamed-chunk-88-1.pdf  used
 on input line 1374.
(pdftex.def)             Requested size: 427.59645pt x 265.99309pt.

Overfull \hbox (1.64279pt too wide) in paragraph at lines 1374--1375
[][] 
 []

<Rguide_files/figure-latex/unnamed-chunk-89-1.pdf, id=429, 427.5975pt x 482.803
76pt>
File: Rguide_files/figure-latex/unnamed-chunk-89-1.pdf Graphic file (type pdf)
<use Rguide_files/figure-latex/unnamed-chunk-89-1.pdf>
Package pdftex.def Info: Rguide_files/figure-latex/unnamed-chunk-89-1.pdf  used
 on input line 1388.
(pdftex.def)             Requested size: 427.59645pt x 482.80258pt.

Overfull \hbox (1.64279pt too wide) in paragraph at lines 1388--1389
[][] 
 []

[48 <./Rguide_files/figure-latex/unnamed-chunk-88-1.pdf>] [49 <./Rguide_files/f
igure-latex/unnamed-chunk-89-1.pdf>] [50]
Kapitel 5.
[51

] [52] [53] [54] [55]
<Rguide_files/figure-latex/unnamed-chunk-102-1.pdf, id=498, 351.3125pt x 204.76
5pt>
File: Rguide_files/figure-latex/unnamed-chunk-102-1.pdf Graphic file (type pdf)

<use Rguide_files/figure-latex/unnamed-chunk-102-1.pdf>
Package pdftex.def Info: Rguide_files/figure-latex/unnamed-chunk-102-1.pdf  use
d on input line 1591.
(pdftex.def)             Requested size: 351.31163pt x 204.76448pt.
[56 <./Rguide_files/figure-latex/unnamed-chunk-102-1.pdf>] [57] [58]

LaTeX Warning: Reference `fig:anscombe' on page 59 undefined on input line 1682
.

[59]
<Rguide_files/figure-latex/unnamed-chunk-107-1.pdf, id=529, 448.67625pt x 312.1
6624pt>
File: Rguide_files/figure-latex/unnamed-chunk-107-1.pdf Graphic file (type pdf)

<use Rguide_files/figure-latex/unnamed-chunk-107-1.pdf>
Package pdftex.def Info: Rguide_files/figure-latex/unnamed-chunk-107-1.pdf  use
d on input line 1708.
(pdftex.def)             Requested size: 448.67516pt x 312.16548pt.

Overfull \hbox (22.7215pt too wide) in paragraph at lines 1708--1709
[][] 
 []

[60 <./Rguide_files/figure-latex/unnamed-chunk-107-1.pdf>]
<Rguide_files/figure-latex/unnamed-chunk-109-1.pdf, id=541, 452.69125pt x 314.1
7375pt>
File: Rguide_files/figure-latex/unnamed-chunk-109-1.pdf Graphic file (type pdf)

<use Rguide_files/figure-latex/unnamed-chunk-109-1.pdf>
Package pdftex.def Info: Rguide_files/figure-latex/unnamed-chunk-109-1.pdf  use
d on input line 1737.
(pdftex.def)             Requested size: 452.69014pt x 314.17297pt.

Overfull \hbox (26.73648pt too wide) in paragraph at lines 1737--1738
[][] 
 []

[61]
<Rguide_files/figure-latex/unnamed-chunk-110-1.pdf, id=548, 448.67625pt x 314.1
7375pt>
File: Rguide_files/figure-latex/unnamed-chunk-110-1.pdf Graphic file (type pdf)

<use Rguide_files/figure-latex/unnamed-chunk-110-1.pdf>
Package pdftex.def Info: Rguide_files/figure-latex/unnamed-chunk-110-1.pdf  use
d on input line 1745.
(pdftex.def)             Requested size: 448.67516pt x 314.17297pt.

Overfull \hbox (22.7215pt too wide) in paragraph at lines 1745--1746
[][] 
 []

[62 <./Rguide_files/figure-latex/unnamed-chunk-109-1.pdf>]
<Rguide_files/figure-latex/unnamed-chunk-111-1.pdf, id=561, 440.64626pt x 282.0
5376pt>
File: Rguide_files/figure-latex/unnamed-chunk-111-1.pdf Graphic file (type pdf)

<use Rguide_files/figure-latex/unnamed-chunk-111-1.pdf>
Package pdftex.def Info: Rguide_files/figure-latex/unnamed-chunk-111-1.pdf  use
d on input line 1754.
(pdftex.def)             Requested size: 440.64517pt x 282.05305pt.

Overfull \hbox (14.69151pt too wide) in paragraph at lines 1754--1755
[][] 
 []

[63 <./Rguide_files/figure-latex/unnamed-chunk-110-1.pdf>]
<Rguide_files/figure-latex/unnamed-chunk-112-1.pdf, id=573, 440.64626pt x 286.0
6876pt>
File: Rguide_files/figure-latex/unnamed-chunk-112-1.pdf Graphic file (type pdf)

<use Rguide_files/figure-latex/unnamed-chunk-112-1.pdf>
Package pdftex.def Info: Rguide_files/figure-latex/unnamed-chunk-112-1.pdf  use
d on input line 1769.
(pdftex.def)             Requested size: 440.64517pt x 286.06805pt.

Overfull \hbox (14.69151pt too wide) in paragraph at lines 1769--1770
[][] 
 []

[64 <./Rguide_files/figure-latex/unnamed-chunk-111-1.pdf>]
<Rguide_files/figure-latex/unnamed-chunk-113-1.pdf, id=587, 422.57875pt x 283.0
575pt>
File: Rguide_files/figure-latex/unnamed-chunk-113-1.pdf Graphic file (type pdf)

<use Rguide_files/figure-latex/unnamed-chunk-113-1.pdf>
Package pdftex.def Info: Rguide_files/figure-latex/unnamed-chunk-113-1.pdf  use
d on input line 1784.
(pdftex.def)             Requested size: 422.57771pt x 283.0568pt.
[65 <./Rguide_files/figure-latex/unnamed-chunk-112-1.pdf>]
<Rguide_files/figure-latex/unnamed-chunk-115-1.pdf, id=601, 440.64626pt x 295.1
025pt>
File: Rguide_files/figure-latex/unnamed-chunk-115-1.pdf Graphic file (type pdf)

<use Rguide_files/figure-latex/unnamed-chunk-115-1.pdf>
Package pdftex.def Info: Rguide_files/figure-latex/unnamed-chunk-115-1.pdf  use
d on input line 1808.
(pdftex.def)             Requested size: 440.64517pt x 295.10176pt.

Overfull \hbox (14.69151pt too wide) in paragraph at lines 1808--1809
[][] 
 []

[66 <./Rguide_files/figure-latex/unnamed-chunk-113-1.pdf>] [67 <./Rguide_files/
figure-latex/unnamed-chunk-115-1.pdf>] [68] [69]
Kapitel 6.
[70

]
Kapitel 7.
[71

]
Kapitel 8.
[72

] [73]
<Rguide_files/figure-latex/unnamed-chunk-125-1.pdf, id=661, 351.3125pt x 300.12
125pt>
File: Rguide_files/figure-latex/unnamed-chunk-125-1.pdf Graphic file (type pdf)

<use Rguide_files/figure-latex/unnamed-chunk-125-1.pdf>
Package pdftex.def Info: Rguide_files/figure-latex/unnamed-chunk-125-1.pdf  use
d on input line 2005.
(pdftex.def)             Requested size: 351.31163pt x 300.12051pt.
[74 <./Rguide_files/figure-latex/unnamed-chunk-125-1.pdf>]
<Rguide_files/figure-latex/unnamed-chunk-126-1.pdf, id=676, 351.3125pt x 300.12
125pt>
File: Rguide_files/figure-latex/unnamed-chunk-126-1.pdf Graphic file (type pdf)

<use Rguide_files/figure-latex/unnamed-chunk-126-1.pdf>
Package pdftex.def Info: Rguide_files/figure-latex/unnamed-chunk-126-1.pdf  use
d on input line 2020.
(pdftex.def)             Requested size: 351.31163pt x 300.12051pt.
[75 <./Rguide_files/figure-latex/unnamed-chunk-126-1.pdf>]
<Rguide_files/figure-latex/unnamed-chunk-128-1.pdf, id=691, 351.3125pt x 316.18
124pt>
File: Rguide_files/figure-latex/unnamed-chunk-128-1.pdf Graphic file (type pdf)

<use Rguide_files/figure-latex/unnamed-chunk-128-1.pdf>
Package pdftex.def Info: Rguide_files/figure-latex/unnamed-chunk-128-1.pdf  use
d on input line 2058.
(pdftex.def)             Requested size: 351.31163pt x 316.18047pt.
[76] [77 <./Rguide_files/figure-latex/unnamed-chunk-128-1.pdf>] [78]
Kapitel 9.
[79

]

LaTeX Warning: Reference `tab:materiale' on page 80 undefined on input line 212
8.

pdfTeX warning (ext4): destination with the same identifier (name{table.4.1}) h
as been already used, duplicate ignored
<to be read again> 
                   \relax 
l.2144   \end{longtable}
                        

Package longtable Warning: Column widths have changed
(longtable)                in table 4.1 on input line 2144.

pdfTeX warning (ext4): destination with the same identifier (name{section.4.1})
 has been already used, duplicate ignored
<to be read again> 
                   \relax 
l.2148 ...ng: swirl}\label{pakkeanbefaling-swirl}}
                                                   [80

] [81]
Bilag A.
[82

]
LaTeX Font Info:    Font shape `T1/lmtt/bx/n' in size <12> not available
(Font)              Font shape `T1/lmtt/b/n' tried instead on input line 2205.
[83] [84] [85]
Bilag B.
! Missing number, treated as zero.
<to be read again> 
                   (
l.2289 ...olumnwidth - 1\tabcolsep) * \real{0.29}}
                                                  \centering 
Here is how much of TeX's memory you used:
 14142 strings out of 480608
 236551 string characters out of 5903630
 533149 words of memory out of 5000000
 29330 multiletter control sequences out of 15000+600000
 611990 words of font info for 161 fonts, out of 8000000 for 9000
 1141 hyphenation exceptions out of 8191
 42i,12n,49p,1049b,517s stack positions out of 5000i,500n,10000p,200000b,80000s

!  ==> Fatal error occurred, no output PDF file produced!
